<?xml version="1.0" encoding="UTF-8" ?>
<testsuite tests="14" failures="0" name="cucumberTest.TestRunner" time="0.729" errors="0" skipped="13">
  <properties>
[...]
</properties>
  <testcase classname="Scenario: I want to search for a Flat to rent" name="Given I am on the Home page" time="0.048">
    <skipped/>
    <system-out>Feature: Housing Search
</system-out>
  </testcase>
  <testcase classname="Scenario: I want to search for a Flat to rent" name="And I click To rent link" time="0.048">
    <skipped/>
  </testcase>
  <testcase classname="Scenario: I want to search for a Flat to rent" name="When I enter my choice in the Search field" time="0.048">
    <skipped/>
  </testcase>
  <testcase classname="Scenario: I want to search for a Flat to rent" name="And I enter Minimum Price" time="0.049">
    <skipped/>
  </testcase>
  <testcase classname="Scenario: I want to search for a Flat to rent" name="And Ienter maximum price" time="0.05">
    <skipped/>
  </testcase>
  <testcase classname="Scenario: I want to search for a Flat to rent" name="And I enter property type" time="0.05">
    <skipped/>
  </testcase>
  <testcase classname="Scenario: I want to search for a Flat to rent" name="When I click Search Button" time="0.051">
    <skipped/>
  </testcase>
  <testcase classname="Scenario: I want to search for a Flat to rent" name="And I assert that rent properties are display" time="0.052">
    <skipped/>
  </testcase>
  <testcase classname="Scenario: I want to search for a Flat to rent" name="And I assert that the default list view is enable" time="0.054">
    <skipped/>
  </testcase>
  <testcase classname="Scenario: I want to search for a Flat to rent" name="And I click on the grid view and validate the view" time="0.055">
    <skipped/>
  </testcase>
  <testcase classname="Scenario: I want to search for a Flat to rent" name="And I click on the map view and validate the view" time="0.055">
    <skipped/>
  </testcase>
  <testcase classname="Scenario: I want to search for a Flat to rent" name="And I quit the browser" time="0.056">
    <skipped/>
  </testcase>
  <testcase classname="Scenario: I want to search for a Flat to rent" name="Scenario: I want to search for a Flat to rent" time="0.056">
    <skipped/>
  </testcase>
  <testcase classname="Scenario: I want to search for a Flat to rent" name="Scenario: I want to search for a Flat to rent" time="0.057"/>
</testsuite>